Compiling GPU percolation executables...
Compilation finished.
Running algorithm: dynperc on GPU
  Dataset: web-indochina-2004
  Logging to: ./output/web-indochina-2004_gpu_dynperc.log
    Batch Size: 1
    Executing: python3 run.py --algorithm dynperc --dataset web-indochina-2004 --batch 1 --gpu -o ./output/q1_gpu_dynperc_web-indochina-2004.txt
    Finished. Output appended to ./output/web-indochina-2004_gpu_dynperc.log
    Batch Size: 10
    Executing: python3 run.py --algorithm dynperc --dataset web-indochina-2004 --batch 10 --gpu -o ./output/q10_gpu_dynperc_web-indochina-2004.txt
    Finished. Output appended to ./output/web-indochina-2004_gpu_dynperc.log
    Batch Size: 100
    Executing: python3 run.py --algorithm dynperc --dataset web-indochina-2004 --batch 100 --gpu -o ./output/q100_gpu_dynperc_web-indochina-2004.txt
    Finished. Output appended to ./output/web-indochina-2004_gpu_dynperc.log
    Batch Size: 1000
    Executing: python3 run.py --algorithm dynperc --dataset web-indochina-2004 --batch 1000 --gpu -o ./output/q1000_gpu_dynperc_web-indochina-2004.txt
    Finished. Output appended to ./output/web-indochina-2004_gpu_dynperc.log
  Dataset: web-webbase-2001
  Logging to: ./output/web-webbase-2001_gpu_dynperc.log
    Batch Size: 1
    Executing: python3 run.py --algorithm dynperc --dataset web-webbase-2001 --batch 1 --gpu -o ./output/q1_gpu_dynperc_web-webbase-2001.txt
    Finished. Output appended to ./output/web-webbase-2001_gpu_dynperc.log
    Batch Size: 10
    Executing: python3 run.py --algorithm dynperc --dataset web-webbase-2001 --batch 10 --gpu -o ./output/q10_gpu_dynperc_web-webbase-2001.txt
    Finished. Output appended to ./output/web-webbase-2001_gpu_dynperc.log
    Batch Size: 100
    Executing: python3 run.py --algorithm dynperc --dataset web-webbase-2001 --batch 100 --gpu -o ./output/q100_gpu_dynperc_web-webbase-2001.txt
    Finished. Output appended to ./output/web-webbase-2001_gpu_dynperc.log
    Batch Size: 1000
    Executing: python3 run.py --algorithm dynperc --dataset web-webbase-2001 --batch 1000 --gpu -o ./output/q1000_gpu_dynperc_web-webbase-2001.txt
    Finished. Output appended to ./output/web-webbase-2001_gpu_dynperc.log
  Dataset: slashdot
  Logging to: ./output/slashdot_gpu_dynperc.log
    Batch Size: 1
    Executing: python3 run.py --algorithm dynperc --dataset slashdot --batch 1 --gpu -o ./output/q1_gpu_dynperc_slashdot.txt
    Finished. Output appended to ./output/slashdot_gpu_dynperc.log
    Batch Size: 10
    Executing: python3 run.py --algorithm dynperc --dataset slashdot --batch 10 --gpu -o ./output/q10_gpu_dynperc_slashdot.txt
    Finished. Output appended to ./output/slashdot_gpu_dynperc.log
    Batch Size: 100
    Executing: python3 run.py --algorithm dynperc --dataset slashdot --batch 100 --gpu -o ./output/q100_gpu_dynperc_slashdot.txt
    Finished. Output appended to ./output/slashdot_gpu_dynperc.log
    Batch Size: 1000
    Executing: python3 run.py --algorithm dynperc --dataset slashdot --batch 1000 --gpu -o ./output/q1000_gpu_dynperc_slashdot.txt
    Finished. Output appended to ./output/slashdot_gpu_dynperc.log
Running algorithm: statperc on GPU
  Dataset: web-indochina-2004
  Logging to: ./output/web-indochina-2004_gpu_statperc.log
    Batch Size: 1
    Executing: python3 run.py --algorithm statperc --dataset web-indochina-2004 --batch 1 --gpu -o ./output/q1_gpu_statperc_web-indochina-2004.txt
    Finished. Output appended to ./output/web-indochina-2004_gpu_statperc.log
    Batch Size: 10
    Executing: python3 run.py --algorithm statperc --dataset web-indochina-2004 --batch 10 --gpu -o ./output/q10_gpu_statperc_web-indochina-2004.txt
    Finished. Output appended to ./output/web-indochina-2004_gpu_statperc.log
    Batch Size: 100
    Executing: python3 run.py --algorithm statperc --dataset web-indochina-2004 --batch 100 --gpu -o ./output/q100_gpu_statperc_web-indochina-2004.txt
    Finished. Output appended to ./output/web-indochina-2004_gpu_statperc.log
    Batch Size: 1000
    Executing: python3 run.py --algorithm statperc --dataset web-indochina-2004 --batch 1000 --gpu -o ./output/q1000_gpu_statperc_web-indochina-2004.txt
    Finished. Output appended to ./output/web-indochina-2004_gpu_statperc.log
  Dataset: web-webbase-2001
  Logging to: ./output/web-webbase-2001_gpu_statperc.log
    Batch Size: 1
    Executing: python3 run.py --algorithm statperc --dataset web-webbase-2001 --batch 1 --gpu -o ./output/q1_gpu_statperc_web-webbase-2001.txt
    Finished. Output appended to ./output/web-webbase-2001_gpu_statperc.log
    Batch Size: 10
    Executing: python3 run.py --algorithm statperc --dataset web-webbase-2001 --batch 10 --gpu -o ./output/q10_gpu_statperc_web-webbase-2001.txt
    Finished. Output appended to ./output/web-webbase-2001_gpu_statperc.log
    Batch Size: 100
    Executing: python3 run.py --algorithm statperc --dataset web-webbase-2001 --batch 100 --gpu -o ./output/q100_gpu_statperc_web-webbase-2001.txt
    Finished. Output appended to ./output/web-webbase-2001_gpu_statperc.log
    Batch Size: 1000
    Executing: python3 run.py --algorithm statperc --dataset web-webbase-2001 --batch 1000 --gpu -o ./output/q1000_gpu_statperc_web-webbase-2001.txt
    Finished. Output appended to ./output/web-webbase-2001_gpu_statperc.log
  Dataset: slashdot
  Logging to: ./output/slashdot_gpu_statperc.log
    Batch Size: 1
    Executing: python3 run.py --algorithm statperc --dataset slashdot --batch 1 --gpu -o ./output/q1_gpu_statperc_slashdot.txt
