brightkite,1,128,Dynamic Percolation Update,58228,214078,93148519,13088636,27726,190
brightkite,10,128,Dynamic Percolation Update,58228,214078,92735702,14842762,58256,2592
brightkite,40,128,Dynamic Percolation Update,58228,214078,91545283,13445523,33599,181
brightkite,100,128,Dynamic Percolation Update,58228,214078,91404017,13411893,33007,177
brightkite,1000,128,Dynamic Percolation Update,58228,214078,109346635,19784075,50812,2797
brightkite,5000,128,Dynamic Percolation Update,58228,214078,91531304,13377030,33500,302
brightkite,10000,128,Dynamic Percolation Update,58228,214078,92022415,13670760,30747,219
brightkite,1,64,Dynamic Percolation Update,58228,214078,91859417,16693929,18518,159
brightkite,10,64,Dynamic Percolation Update,58228,214078,91446495,18160132,61315,1375
brightkite,40,64,Dynamic Percolation Update,58228,214078,91825140,16326083,27253,171
brightkite,100,64,Dynamic Percolation Update,58228,214078,91721880,20501733,39896,1601
brightkite,1000,64,Dynamic Percolation Update,58228,214078,91417935,17732743,21255,234
brightkite,5000,64,Dynamic Percolation Update,58228,214078,92593438,17352388,60213,215
brightkite,10000,64,Dynamic Percolation Update,58228,214078,96045448,18235342,37611,208
brightkite,1,48,Dynamic Percolation Update,58228,214078,91985554,19808431,45637,1167
brightkite,10,48,Dynamic Percolation Update,58228,214078,92125794,21852167,29292,200
brightkite,40,48,Dynamic Percolation Update,58228,214078,91810481,21290268,43711,1066
brightkite,100,48,Dynamic Percolation Update,58228,214078,91557625,22263397,44309,1217
brightkite,1000,48,Dynamic Percolation Update,58228,214078,91545097,19444606,46477,1109
brightkite,5000,48,Dynamic Percolation Update,58228,214078,92061407,21234756,21591,211
brightkite,10000,48,Dynamic Percolation Update,58228,214078,91518731,19844757,17308,170
brightkite,1,32,Dynamic Percolation Update,58228,214078,92274071,29264774,46069,250
brightkite,10,32,Dynamic Percolation Update,58228,214078,91973792,28945855,51382,321
brightkite,40,32,Dynamic Percolation Update,58228,214078,91476708,28902037,43862,832
brightkite,100,32,Dynamic Percolation Update,58228,214078,96260346,29183152,33258,195
brightkite,1000,32,Dynamic Percolation Update,58228,214078,91839887,28965955,100867,203
brightkite,5000,32,Dynamic Percolation Update,58228,214078,92102080,29619851,28394,796
brightkite,10000,32,Dynamic Percolation Update,58228,214078,91963178,30284363,26450,840
brightkite,1,16,Dynamic Percolation Update,58228,214078,92430639,51031346,26092,182
brightkite,10,16,Dynamic Percolation Update,58228,214078,92336494,54146977,21600,575
brightkite,40,16,Dynamic Percolation Update,58228,214078,96254205,52300911,30173,575
brightkite,100,16,Dynamic Percolation Update,58228,214078,91671036,53657161,18988,554
brightkite,1000,16,Dynamic Percolation Update,58228,214078,91753253,52986299,31049,561
brightkite,5000,16,Dynamic Percolation Update,58228,214078,91410618,53730785,18337,190
brightkite,10000,16,Dynamic Percolation Update,58228,214078,92356619,54701239,32176,567
brightkite,1,8,Dynamic Percolation Update,58228,214078,91629180,101499134,27234,190
brightkite,10,8,Dynamic Percolation Update,58228,214078,96824864,101724018,20455,190
brightkite,40,8,Dynamic Percolation Update,58228,214078,92143931,100585272,33079,198
brightkite,100,8,Dynamic Percolation Update,58228,214078,91626744,101490662,20271,190
brightkite,1000,8,Dynamic Percolation Update,58228,214078,92504188,104020743,28763,555
brightkite,5000,8,Dynamic Percolation Update,58228,214078,91798885,101829892,31202,453
brightkite,10000,8,Dynamic Percolation Update,58228,214078,93061806,103478324,20252,447
brightkite,1,4,Dynamic Percolation Update,58228,214078,95383096,196864582,16819,367
brightkite,10,4,Dynamic Percolation Update,58228,214078,92362699,186568651,18534,416
brightkite,40,4,Dynamic Percolation Update,58228,214078,92754846,191642421,17311,388
brightkite,100,4,Dynamic Percolation Update,58228,214078,91417116,184405667,22679,191
brightkite,1000,4,Dynamic Percolation Update,58228,214078,91550836,196166060,26469,415
brightkite,5000,4,Dynamic Percolation Update,58228,214078,91971945,192810298,16402,389
brightkite,10000,4,Dynamic Percolation Update,58228,214078,91595534,196360759,18513,389
brightkite,1,2,Dynamic Percolation Update,58228,214078,91542065,350068930,28473,360
brightkite,10,2,Dynamic Percolation Update,58228,214078,92098652,306073311,15511,196
brightkite,40,2,Dynamic Percolation Update,58228,214078,92428052,333212646,17564,311
brightkite,100,2,Dynamic Percolation Update,58228,214078,92493531,344558929,17200,452
brightkite,1000,2,Dynamic Percolation Update,58228,214078,91470805,334492813,16794,319
brightkite,5000,2,Dynamic Percolation Update,58228,214078,92295348,343921588,18432,350
brightkite,10000,2,Dynamic Percolation Update,58228,214078,92289242,331252080,16900,322
brightkite,1,1,Dynamic Percolation Update,58228,214078,92380323,368022068,23195,153
brightkite,10,1,Dynamic Percolation Update,58228,214078,92569900,412533606,26140,261
brightkite,40,1,Dynamic Percolation Update,58228,214078,92120600,368896638,23533,156
brightkite,100,1,Dynamic Percolation Update,58228,214078,91857458,425328834,28736,268
brightkite,1000,1,Dynamic Percolation Update,58228,214078,91916166,368504476,16362,153
brightkite,5000,1,Dynamic Percolation Update,58228,214078,92225607,382294336,23941,297
brightkite,10000,1,Dynamic Percolation Update,58228,214078,92611556,372538406,24014,153
