p2p-Gnutella30,1,128,Dynamic Percolation Update,36682,88328,37434950,4818295,26877,119
p2p-Gnutella30,10,128,Dynamic Percolation Update,36682,88328,39875882,4721156,32796,160
p2p-Gnutella30,40,128,Dynamic Percolation Update,36682,88328,37815727,4081058,22169,279
p2p-Gnutella30,100,128,Dynamic Percolation Update,36682,88328,37651829,4191543,26396,185
p2p-Gnutella30,1000,128,Dynamic Percolation Update,36682,88328,37825311,3698912,37892,2851
p2p-Gnutella30,5000,128,Dynamic Percolation Update,36682,88328,37553952,4043292,27987,1827
p2p-Gnutella30,10000,128,Dynamic Percolation Update,36682,88328,38053206,3895602,23398,189
p2p-Gnutella30,1,64,Dynamic Percolation Update,36682,88328,38136536,4655419,20913,121
p2p-Gnutella30,10,64,Dynamic Percolation Update,36682,88328,38044133,5080789,11974,126
p2p-Gnutella30,40,64,Dynamic Percolation Update,36682,88328,37537938,4765612,31834,3226
p2p-Gnutella30,100,64,Dynamic Percolation Update,36682,88328,37821239,4811099,14183,110
p2p-Gnutella30,1000,64,Dynamic Percolation Update,36682,88328,37502631,5137187,15745,126
p2p-Gnutella30,5000,64,Dynamic Percolation Update,36682,88328,38078857,4887412,11749,138
p2p-Gnutella30,10000,64,Dynamic Percolation Update,36682,88328,37671450,5504229,11291,205
p2p-Gnutella30,1,48,Dynamic Percolation Update,36682,88328,37707398,6319188,12981,114
p2p-Gnutella30,10,48,Dynamic Percolation Update,36682,88328,37775864,5221779,29700,1102
p2p-Gnutella30,40,48,Dynamic Percolation Update,36682,88328,39142167,6591792,26591,723
p2p-Gnutella30,100,48,Dynamic Percolation Update,36682,88328,38088390,6339805,15251,159
p2p-Gnutella30,1000,48,Dynamic Percolation Update,36682,88328,37891760,5455851,9171,101
p2p-Gnutella30,5000,48,Dynamic Percolation Update,36682,88328,37428598,5481858,10892,104
p2p-Gnutella30,10000,48,Dynamic Percolation Update,36682,88328,37645894,6379584,7865,179
p2p-Gnutella30,1,32,Dynamic Percolation Update,36682,88328,37705067,8257117,11024,168
p2p-Gnutella30,10,32,Dynamic Percolation Update,36682,88328,37889325,8474362,10129,541
p2p-Gnutella30,40,32,Dynamic Percolation Update,36682,88328,37777063,8375468,11148,547
p2p-Gnutella30,100,32,Dynamic Percolation Update,36682,88328,37551504,8199724,10084,98
p2p-Gnutella30,1000,32,Dynamic Percolation Update,36682,88328,37754559,8538332,9452,107
p2p-Gnutella30,5000,32,Dynamic Percolation Update,36682,88328,37794384,8515361,17423,134
p2p-Gnutella30,10000,32,Dynamic Percolation Update,36682,88328,37514220,8597947,13183,663
p2p-Gnutella30,1,16,Dynamic Percolation Update,36682,88328,37506286,14049602,14073,205
p2p-Gnutella30,10,16,Dynamic Percolation Update,36682,88328,37738647,14120131,14132,117
p2p-Gnutella30,40,16,Dynamic Percolation Update,36682,88328,37864387,14205090,25604,123
p2p-Gnutella30,100,16,Dynamic Percolation Update,36682,88328,37689543,13894638,7887,101
p2p-Gnutella30,1000,16,Dynamic Percolation Update,36682,88328,37965806,14662838,12660,360
p2p-Gnutella30,5000,16,Dynamic Percolation Update,36682,88328,37525594,14960115,14449,374
p2p-Gnutella30,10000,16,Dynamic Percolation Update,36682,88328,37983857,13934324,9303,122
p2p-Gnutella30,1,8,Dynamic Percolation Update,36682,88328,37438662,26774395,10591,117
p2p-Gnutella30,10,8,Dynamic Percolation Update,36682,88328,37513384,27594456,11154,297
p2p-Gnutella30,40,8,Dynamic Percolation Update,36682,88328,37553513,26658029,9458,119
p2p-Gnutella30,100,8,Dynamic Percolation Update,36682,88328,37484073,28948107,10754,294
p2p-Gnutella30,1000,8,Dynamic Percolation Update,36682,88328,37429873,27359863,12009,125
p2p-Gnutella30,5000,8,Dynamic Percolation Update,36682,88328,37786816,26913360,10164,302
p2p-Gnutella30,10000,8,Dynamic Percolation Update,36682,88328,37616457,27468560,14768,288
p2p-Gnutella30,1,4,Dynamic Percolation Update,36682,88328,37557173,52823683,12285,258
p2p-Gnutella30,10,4,Dynamic Percolation Update,36682,88328,37791315,49891255,10225,115
p2p-Gnutella30,40,4,Dynamic Percolation Update,36682,88328,37779851,51524830,12278,123
p2p-Gnutella30,100,4,Dynamic Percolation Update,36682,88328,37778152,51987867,11602,121
p2p-Gnutella30,1000,4,Dynamic Percolation Update,36682,88328,38012882,50221067,10669,263
p2p-Gnutella30,5000,4,Dynamic Percolation Update,36682,88328,37941362,50430182,11749,296
p2p-Gnutella30,10000,4,Dynamic Percolation Update,36682,88328,37888439,49619510,13333,119
p2p-Gnutella30,1,2,Dynamic Percolation Update,36682,88328,37882295,89272708,9192,111
p2p-Gnutella30,10,2,Dynamic Percolation Update,36682,88328,37560089,89148028,10121,236
p2p-Gnutella30,40,2,Dynamic Percolation Update,36682,88328,37890243,90768130,8942,118
p2p-Gnutella30,100,2,Dynamic Percolation Update,36682,88328,37565922,89555289,11181,233
p2p-Gnutella30,1000,2,Dynamic Percolation Update,36682,88328,37512142,92964967,8825,228
p2p-Gnutella30,5000,2,Dynamic Percolation Update,36682,88328,37668805,100778243,14702,219
p2p-Gnutella30,10000,2,Dynamic Percolation Update,36682,88328,37854845,92017250,9655,121
p2p-Gnutella30,1,1,Dynamic Percolation Update,36682,88328,37740125,119380860,8527,114
p2p-Gnutella30,10,1,Dynamic Percolation Update,36682,88328,37649049,119251179,11680,100
p2p-Gnutella30,40,1,Dynamic Percolation Update,36682,88328,37888237,119440859,8574,99
p2p-Gnutella30,100,1,Dynamic Percolation Update,36682,88328,37747619,117297058,8186,94
p2p-Gnutella30,1000,1,Dynamic Percolation Update,36682,88328,37514719,119654634,11844,94
p2p-Gnutella30,5000,1,Dynamic Percolation Update,36682,88328,37866896,118051657,11779,96
p2p-Gnutella30,10000,1,Dynamic Percolation Update,36682,88328,37866812,122204065,12403,96
