PGPgiantcompo,1,128,Dynamic Percolation Update,10680,24316,3680780,176288,9264,46
PGPgiantcompo,10,128,Dynamic Percolation Update,10680,24316,3743686,171494,19667,41
PGPgiantcompo,40,128,Dynamic Percolation Update,10680,24316,3741841,204043,9041,47
PGPgiantcompo,100,128,Dynamic Percolation Update,10680,24316,3738667,185968,13749,37
PGPgiantcompo,1000,128,Dynamic Percolation Update,10680,24316,3728319,162422,7987,41
PGPgiantcompo,5000,128,Dynamic Percolation Update,10680,24316,3731799,202403,11584,40
PGPgiantcompo,10000,128,Dynamic Percolation Update,10680,24316,3754226,185430,16295,35
PGPgiantcompo,1,64,Dynamic Percolation Update,10680,24316,3748731,209825,1168,40
PGPgiantcompo,10,64,Dynamic Percolation Update,10680,24316,3742020,198608,2193,33
PGPgiantcompo,40,64,Dynamic Percolation Update,10680,24316,3725302,194792,6210,51
PGPgiantcompo,100,64,Dynamic Percolation Update,10680,24316,3750331,206776,3684,35
PGPgiantcompo,1000,64,Dynamic Percolation Update,10680,24316,3736334,215905,3198,29
PGPgiantcompo,5000,64,Dynamic Percolation Update,10680,24316,3745789,207617,1437,34
PGPgiantcompo,10000,64,Dynamic Percolation Update,10680,24316,3783563,225048,8791,48
PGPgiantcompo,1,48,Dynamic Percolation Update,10680,24316,3737991,269136,3504,35
PGPgiantcompo,10,48,Dynamic Percolation Update,10680,24316,3714705,243190,1293,28
PGPgiantcompo,40,48,Dynamic Percolation Update,10680,24316,3721075,237204,3933,33
PGPgiantcompo,100,48,Dynamic Percolation Update,10680,24316,3757249,261613,1549,35
PGPgiantcompo,1000,48,Dynamic Percolation Update,10680,24316,3723250,258437,1466,34
PGPgiantcompo,5000,48,Dynamic Percolation Update,10680,24316,3705976,262817,5481,30
PGPgiantcompo,10000,48,Dynamic Percolation Update,10680,24316,3730815,269215,1747,34
PGPgiantcompo,1,32,Dynamic Percolation Update,10680,24316,3801940,331285,1761,33
PGPgiantcompo,10,32,Dynamic Percolation Update,10680,24316,3732300,343639,3350,34
PGPgiantcompo,40,32,Dynamic Percolation Update,10680,24316,3699953,366376,4301,34
PGPgiantcompo,100,32,Dynamic Percolation Update,10680,24316,3753538,364400,3038,29
PGPgiantcompo,1000,32,Dynamic Percolation Update,10680,24316,3749198,371020,5264,33
PGPgiantcompo,5000,32,Dynamic Percolation Update,10680,24316,3732015,359791,1048,33
PGPgiantcompo,10000,32,Dynamic Percolation Update,10680,24316,3759006,317811,1074,29
PGPgiantcompo,1,16,Dynamic Percolation Update,10680,24316,3751758,524107,1149,27
PGPgiantcompo,10,16,Dynamic Percolation Update,10680,24316,3721351,528751,2148,28
PGPgiantcompo,40,16,Dynamic Percolation Update,10680,24316,3749011,530121,1301,60
PGPgiantcompo,100,16,Dynamic Percolation Update,10680,24316,3713692,526700,1650,28
PGPgiantcompo,1000,16,Dynamic Percolation Update,10680,24316,3749038,558753,1276,28
PGPgiantcompo,5000,16,Dynamic Percolation Update,10680,24316,3764111,526873,1457,63
PGPgiantcompo,10000,16,Dynamic Percolation Update,10680,24316,3782993,527252,1559,36
PGPgiantcompo,1,8,Dynamic Percolation Update,10680,24316,3781714,950370,1486,28
PGPgiantcompo,10,8,Dynamic Percolation Update,10680,24316,3700214,950327,1651,46
PGPgiantcompo,40,8,Dynamic Percolation Update,10680,24316,3693097,955895,1422,27
PGPgiantcompo,100,8,Dynamic Percolation Update,10680,24316,3731446,955747,1484,27
PGPgiantcompo,1000,8,Dynamic Percolation Update,10680,24316,3730655,950682,1206,27
PGPgiantcompo,5000,8,Dynamic Percolation Update,10680,24316,3700122,959870,1227,29
PGPgiantcompo,10000,8,Dynamic Percolation Update,10680,24316,3732129,1006140,1278,32
PGPgiantcompo,1,4,Dynamic Percolation Update,10680,24316,3743983,1881166,1442,28
PGPgiantcompo,10,4,Dynamic Percolation Update,10680,24316,3701177,1879151,1749,27
PGPgiantcompo,40,4,Dynamic Percolation Update,10680,24316,3711371,1854260,1583,27
PGPgiantcompo,100,4,Dynamic Percolation Update,10680,24316,3696030,1863492,1823,29
PGPgiantcompo,1000,4,Dynamic Percolation Update,10680,24316,3706818,1857465,1642,27
PGPgiantcompo,5000,4,Dynamic Percolation Update,10680,24316,3741741,1878624,1579,27
PGPgiantcompo,10000,4,Dynamic Percolation Update,10680,24316,3759835,1874585,1478,28
PGPgiantcompo,1,2,Dynamic Percolation Update,10680,24316,3716934,3838827,2107,33
PGPgiantcompo,10,2,Dynamic Percolation Update,10680,24316,3693974,3842832,1764,31
PGPgiantcompo,40,2,Dynamic Percolation Update,10680,24316,3690950,3899980,2038,34
PGPgiantcompo,100,2,Dynamic Percolation Update,10680,24316,3718363,3879925,2003,33
PGPgiantcompo,1000,2,Dynamic Percolation Update,10680,24316,3731931,3867976,1980,34
PGPgiantcompo,5000,2,Dynamic Percolation Update,10680,24316,3692685,3854042,2133,34
PGPgiantcompo,10000,2,Dynamic Percolation Update,10680,24316,3691204,3902041,2097,34
PGPgiantcompo,1,1,Dynamic Percolation Update,10680,24316,3689680,5257646,2202,26
PGPgiantcompo,10,1,Dynamic Percolation Update,10680,24316,3700370,5250011,2195,26
PGPgiantcompo,40,1,Dynamic Percolation Update,10680,24316,3721065,5267751,2086,26
PGPgiantcompo,100,1,Dynamic Percolation Update,10680,24316,3768703,5258719,2226,26
PGPgiantcompo,1000,1,Dynamic Percolation Update,10680,24316,3691809,5274153,2151,26
PGPgiantcompo,5000,1,Dynamic Percolation Update,10680,24316,3729968,5277135,2358,26
PGPgiantcompo,10000,1,Dynamic Percolation Update,10680,24316,3734136,5340928,2246,26
