slashdot,1,128,Dynamic Percolation Update,51083,140778,105820388,8385123,92737,3727
slashdot,10,128,Dynamic Percolation Update,51083,140778,106060388,9029687,37253,264
slashdot,40,128,Dynamic Percolation Update,51083,140778,105227752,7494527,27966,238
slashdot,100,128,Dynamic Percolation Update,51083,140778,105523492,9044514,160640,263
slashdot,1000,128,Dynamic Percolation Update,51083,140778,104552334,8412144,37507,213
slashdot,5000,128,Dynamic Percolation Update,51083,140778,105929661,8306147,164208,3779
slashdot,10000,128,Dynamic Percolation Update,51083,140778,104261338,8088018,25577,187
slashdot,1,64,Dynamic Percolation Update,51083,140778,105444180,9485734,49225,2195
slashdot,10,64,Dynamic Percolation Update,51083,140778,104721425,10335404,52725,1712
slashdot,40,64,Dynamic Percolation Update,51083,140778,106109939,11351063,56542,2042
slashdot,100,64,Dynamic Percolation Update,51083,140778,105145095,10898887,44135,1786
slashdot,1000,64,Dynamic Percolation Update,51083,140778,105250031,11644527,54541,2183
slashdot,5000,64,Dynamic Percolation Update,51083,140778,107828027,11405958,70645,233
slashdot,10000,64,Dynamic Percolation Update,51083,140778,106277163,9094697,39895,2117
slashdot,1,48,Dynamic Percolation Update,51083,140778,104321269,10588733,15279,189
slashdot,10,48,Dynamic Percolation Update,51083,140778,105829879,12340652,39981,1441
slashdot,40,48,Dynamic Percolation Update,51083,140778,106428074,11188597,25520,1346
slashdot,100,48,Dynamic Percolation Update,51083,140778,107731514,11871602,43489,1573
slashdot,1000,48,Dynamic Percolation Update,51083,140778,106497316,11062112,27131,1634
slashdot,5000,48,Dynamic Percolation Update,51083,140778,106294065,10903135,17064,1527
slashdot,10000,48,Dynamic Percolation Update,51083,140778,106379390,12230224,47782,1404
slashdot,1,32,Dynamic Percolation Update,51083,140778,106305435,16500749,22137,206
slashdot,10,32,Dynamic Percolation Update,51083,140778,105216206,15428713,30765,1032
slashdot,40,32,Dynamic Percolation Update,51083,140778,105822971,16321208,35012,1046
slashdot,100,32,Dynamic Percolation Update,51083,140778,105416046,16597875,27527,1063
slashdot,1000,32,Dynamic Percolation Update,51083,140778,106456193,17504403,20645,1026
slashdot,5000,32,Dynamic Percolation Update,51083,140778,110958375,17501688,31029,221
slashdot,10000,32,Dynamic Percolation Update,51083,140778,108315861,16756289,32166,227
slashdot,1,16,Dynamic Percolation Update,51083,140778,110993657,29939667,23194,691
slashdot,10,16,Dynamic Percolation Update,51083,140778,105526410,28906015,19151,703
slashdot,40,16,Dynamic Percolation Update,51083,140778,105542806,27431153,23952,271
slashdot,100,16,Dynamic Percolation Update,51083,140778,104498214,28980379,17676,825
slashdot,1000,16,Dynamic Percolation Update,51083,140778,104985104,26176657,8744,262
slashdot,5000,16,Dynamic Percolation Update,51083,140778,106330297,29233079,19999,726
slashdot,10000,16,Dynamic Percolation Update,51083,140778,105777748,27587515,17448,729
slashdot,1,8,Dynamic Percolation Update,51083,140778,106431484,51872047,21886,500
slashdot,10,8,Dynamic Percolation Update,51083,140778,105363687,46789418,22661,196
slashdot,40,8,Dynamic Percolation Update,51083,140778,108804266,48894427,15180,259
slashdot,100,8,Dynamic Percolation Update,51083,140778,105585339,51127437,17693,753
slashdot,1000,8,Dynamic Percolation Update,51083,140778,105029153,47855529,13626,193
slashdot,5000,8,Dynamic Percolation Update,51083,140778,104537187,50590567,19938,579
slashdot,10000,8,Dynamic Percolation Update,51083,140778,105975511,48355085,23835,541
slashdot,1,4,Dynamic Percolation Update,51083,140778,104660815,82168133,21184,222
slashdot,10,4,Dynamic Percolation Update,51083,140778,105866615,91068784,14754,216
slashdot,40,4,Dynamic Percolation Update,51083,140778,104873321,83398783,11871,275
slashdot,100,4,Dynamic Percolation Update,51083,140778,105292960,86466009,20534,554
slashdot,1000,4,Dynamic Percolation Update,51083,140778,105026461,88239010,13159,505
slashdot,5000,4,Dynamic Percolation Update,51083,140778,105976651,86776026,13869,468
slashdot,10000,4,Dynamic Percolation Update,51083,140778,105716209,88238057,13119,471
slashdot,1,2,Dynamic Percolation Update,51083,140778,109041523,141293463,12562,203
slashdot,10,2,Dynamic Percolation Update,51083,140778,104888534,149693918,13910,428
slashdot,40,2,Dynamic Percolation Update,51083,140778,106142686,142306019,12882,312
slashdot,100,2,Dynamic Percolation Update,51083,140778,105818073,140993838,12963,195
slashdot,1000,2,Dynamic Percolation Update,51083,140778,106462825,141018822,13478,295
slashdot,5000,2,Dynamic Percolation Update,51083,140778,105420527,144673566,17088,221
slashdot,10000,2,Dynamic Percolation Update,51083,140778,104794801,153272546,13612,408
slashdot,1,1,Dynamic Percolation Update,51083,140778,104754364,182035167,17215,166
slashdot,10,1,Dynamic Percolation Update,51083,140778,105457461,182724130,13420,163
slashdot,40,1,Dynamic Percolation Update,51083,140778,105386125,180227993,17475,165
slashdot,100,1,Dynamic Percolation Update,51083,140778,105580461,179927338,13321,226
slashdot,1000,1,Dynamic Percolation Update,51083,140778,105932567,194234378,17694,300
slashdot,5000,1,Dynamic Percolation Update,51083,140778,106336922,179344803,17485,194
slashdot,10000,1,Dynamic Percolation Update,51083,140778,105410743,180631170,13404,164
