email-enron,1,128,Dynamic Percolation Update,36692,183831,19988329,3669748,19234,127
email-enron,10,128,Dynamic Percolation Update,36692,183831,20043021,3686002,16031,120
email-enron,40,128,Dynamic Percolation Update,36692,183831,20003988,3682508,21369,131
email-enron,100,128,Dynamic Percolation Update,36692,183831,19759198,3833776,22283,134
email-enron,1000,128,Dynamic Percolation Update,36692,183831,20199786,3652230,22191,152
email-enron,5000,128,Dynamic Percolation Update,36692,183831,20100098,3592207,20161,136
email-enron,10000,128,Dynamic Percolation Update,36692,183831,19971406,3818842,20228,140
email-enron,1,64,Dynamic Percolation Update,36692,183831,19978330,5515358,28497,729
email-enron,10,64,Dynamic Percolation Update,36692,183831,19773189,4866931,13723,107
email-enron,40,64,Dynamic Percolation Update,36692,183831,19942310,4938297,23032,834
email-enron,100,64,Dynamic Percolation Update,36692,183831,20006970,5257211,32273,161
email-enron,1000,64,Dynamic Percolation Update,36692,183831,19819671,5335506,27243,705
email-enron,5000,64,Dynamic Percolation Update,36692,183831,19882776,5060754,15052,150
email-enron,10000,64,Dynamic Percolation Update,36692,183831,19781120,4750753,14780,849
email-enron,1,48,Dynamic Percolation Update,36692,183831,19989637,6500175,14023,138
email-enron,10,48,Dynamic Percolation Update,36692,183831,20025817,6136960,22243,141
email-enron,40,48,Dynamic Percolation Update,36692,183831,19846812,6331656,17443,224
email-enron,100,48,Dynamic Percolation Update,36692,183831,19930644,6307079,27038,142
email-enron,1000,48,Dynamic Percolation Update,36692,183831,20065865,6000806,9857,111
email-enron,5000,48,Dynamic Percolation Update,36692,183831,19864888,6466839,18274,638
email-enron,10000,48,Dynamic Percolation Update,36692,183831,20181847,6111018,19486,548
email-enron,1,32,Dynamic Percolation Update,36692,183831,19820443,8593096,24958,119
email-enron,10,32,Dynamic Percolation Update,36692,183831,19954603,8064057,18861,438
email-enron,40,32,Dynamic Percolation Update,36692,183831,19768619,8871346,13442,465
email-enron,100,32,Dynamic Percolation Update,36692,183831,20086240,8674188,18487,136
email-enron,1000,32,Dynamic Percolation Update,36692,183831,19839348,8713618,16343,471
email-enron,5000,32,Dynamic Percolation Update,36692,183831,20136954,8695327,19484,454
email-enron,10000,32,Dynamic Percolation Update,36692,183831,19878735,8434851,28694,127
email-enron,1,16,Dynamic Percolation Update,36692,183831,19974658,13713820,8217,115
email-enron,10,16,Dynamic Percolation Update,36692,183831,20047522,14490472,13568,318
email-enron,40,16,Dynamic Percolation Update,36692,183831,19842819,14180972,20604,270
email-enron,100,16,Dynamic Percolation Update,36692,183831,19774006,14076308,20703,309
email-enron,1000,16,Dynamic Percolation Update,36692,183831,20181283,14071865,15995,128
email-enron,5000,16,Dynamic Percolation Update,36692,183831,19922774,13701858,13571,111
email-enron,10000,16,Dynamic Percolation Update,36692,183831,20168294,13943517,20229,126
email-enron,1,8,Dynamic Percolation Update,36692,183831,20193261,26200426,10805,143
email-enron,10,8,Dynamic Percolation Update,36692,183831,19994230,27986848,11138,256
email-enron,40,8,Dynamic Percolation Update,36692,183831,19875928,26580211,17578,268
email-enron,100,8,Dynamic Percolation Update,36692,183831,19786066,26946451,12703,261
email-enron,1000,8,Dynamic Percolation Update,36692,183831,19996660,26354369,17198,120
email-enron,5000,8,Dynamic Percolation Update,36692,183831,19910959,26533680,9572,301
email-enron,10000,8,Dynamic Percolation Update,36692,183831,19825863,26498444,7939,114
email-enron,1,4,Dynamic Percolation Update,36692,183831,19914873,47924442,8620,222
email-enron,10,4,Dynamic Percolation Update,36692,183831,19847971,47161146,7684,220
email-enron,40,4,Dynamic Percolation Update,36692,183831,20098907,46783857,9832,112
email-enron,100,4,Dynamic Percolation Update,36692,183831,19822574,47366122,8778,149
email-enron,1000,4,Dynamic Percolation Update,36692,183831,19949170,48898113,8124,162
email-enron,5000,4,Dynamic Percolation Update,36692,183831,19826090,46616213,7385,115
email-enron,10000,4,Dynamic Percolation Update,36692,183831,20060219,47757637,7464,118
email-enron,1,2,Dynamic Percolation Update,36692,183831,19987821,81708393,9147,119
email-enron,10,2,Dynamic Percolation Update,36692,183831,19799978,87226198,7693,220
email-enron,40,2,Dynamic Percolation Update,36692,183831,19869546,82700100,7225,193
email-enron,100,2,Dynamic Percolation Update,36692,183831,20002742,83720034,8475,111
email-enron,1000,2,Dynamic Percolation Update,36692,183831,20069055,82262679,6936,122
email-enron,5000,2,Dynamic Percolation Update,36692,183831,20107382,83377611,8495,121
email-enron,10000,2,Dynamic Percolation Update,36692,183831,19926128,81806693,8653,116
email-enron,1,1,Dynamic Percolation Update,36692,183831,19803976,101063507,10094,99
email-enron,10,1,Dynamic Percolation Update,36692,183831,19923584,100096476,10505,97
email-enron,40,1,Dynamic Percolation Update,36692,183831,20052741,99580111,9828,98
email-enron,100,1,Dynamic Percolation Update,36692,183831,19822855,98922961,7403,99
email-enron,1000,1,Dynamic Percolation Update,36692,183831,19934368,99545394,10144,100
email-enron,5000,1,Dynamic Percolation Update,36692,183831,20025475,100119048,10518,126
email-enron,10000,1,Dynamic Percolation Update,36692,183831,20080649,98441948,11684,106
