p2p-Gnutella25,1,128,Dynamic Percolation Update,22687,54705,12375664,1246732,15835,76
p2p-Gnutella25,10,128,Dynamic Percolation Update,22687,54705,12468093,1417243,17926,67
p2p-Gnutella25,40,128,Dynamic Percolation Update,22687,54705,12479153,1298933,18229,60
p2p-Gnutella25,100,128,Dynamic Percolation Update,22687,54705,12488413,1246376,16778,94
p2p-Gnutella25,1000,128,Dynamic Percolation Update,22687,54705,12495167,1176421,14713,88
p2p-Gnutella25,5000,128,Dynamic Percolation Update,22687,54705,12423406,1274208,16840,86
p2p-Gnutella25,10000,128,Dynamic Percolation Update,22687,54705,12499617,1322367,12017,86
p2p-Gnutella25,1,64,Dynamic Percolation Update,22687,54705,12474068,1734433,8037,74
p2p-Gnutella25,10,64,Dynamic Percolation Update,22687,54705,12466773,1834555,7263,72
p2p-Gnutella25,40,64,Dynamic Percolation Update,22687,54705,12422646,1717911,14317,62
p2p-Gnutella25,100,64,Dynamic Percolation Update,22687,54705,12455862,1698009,8553,71
p2p-Gnutella25,1000,64,Dynamic Percolation Update,22687,54705,12482731,2188340,7659,78
p2p-Gnutella25,5000,64,Dynamic Percolation Update,22687,54705,12543425,1914179,5383,78
p2p-Gnutella25,10000,64,Dynamic Percolation Update,22687,54705,12549566,1930074,6423,73
p2p-Gnutella25,1,48,Dynamic Percolation Update,22687,54705,12459485,2037541,13773,67
p2p-Gnutella25,10,48,Dynamic Percolation Update,22687,54705,12453491,2474329,7635,69
p2p-Gnutella25,40,48,Dynamic Percolation Update,22687,54705,12468184,2186239,7614,73
p2p-Gnutella25,100,48,Dynamic Percolation Update,22687,54705,12496747,2640217,5508,58
p2p-Gnutella25,1000,48,Dynamic Percolation Update,22687,54705,12559657,2202290,13006,63
p2p-Gnutella25,5000,48,Dynamic Percolation Update,22687,54705,12426821,2398195,6745,71
p2p-Gnutella25,10000,48,Dynamic Percolation Update,22687,54705,12552045,1981755,7125,62
p2p-Gnutella25,1,32,Dynamic Percolation Update,22687,54705,12550921,3115456,5637,63
p2p-Gnutella25,10,32,Dynamic Percolation Update,22687,54705,12600963,2857185,6362,57
p2p-Gnutella25,40,32,Dynamic Percolation Update,22687,54705,12552946,2985220,3954,72
p2p-Gnutella25,100,32,Dynamic Percolation Update,22687,54705,12607013,3033812,5429,63
p2p-Gnutella25,1000,32,Dynamic Percolation Update,22687,54705,12409233,2982054,5169,58
p2p-Gnutella25,5000,32,Dynamic Percolation Update,22687,54705,12542314,3165459,7236,68
p2p-Gnutella25,10000,32,Dynamic Percolation Update,22687,54705,12525548,2725259,5672,55
p2p-Gnutella25,1,16,Dynamic Percolation Update,22687,54705,12454079,5124804,4961,216
p2p-Gnutella25,10,16,Dynamic Percolation Update,22687,54705,12561262,5142309,6328,200
p2p-Gnutella25,40,16,Dynamic Percolation Update,22687,54705,12420256,5055982,5630,67
p2p-Gnutella25,100,16,Dynamic Percolation Update,22687,54705,12418740,5192249,6339,211
p2p-Gnutella25,1000,16,Dynamic Percolation Update,22687,54705,12564364,5008899,3441,70
p2p-Gnutella25,5000,16,Dynamic Percolation Update,22687,54705,12525794,4923840,5325,68
p2p-Gnutella25,10000,16,Dynamic Percolation Update,22687,54705,12513707,4979274,5922,72
p2p-Gnutella25,1,8,Dynamic Percolation Update,22687,54705,12464863,9537959,5048,93
p2p-Gnutella25,10,8,Dynamic Percolation Update,22687,54705,12492115,9615114,4242,77
p2p-Gnutella25,40,8,Dynamic Percolation Update,22687,54705,12444738,9637664,4415,65
p2p-Gnutella25,100,8,Dynamic Percolation Update,22687,54705,12404103,9679844,4242,165
p2p-Gnutella25,1000,8,Dynamic Percolation Update,22687,54705,12479606,9335986,3963,63
p2p-Gnutella25,5000,8,Dynamic Percolation Update,22687,54705,12576109,9729687,7762,169
p2p-Gnutella25,10000,8,Dynamic Percolation Update,22687,54705,12428398,9387941,4247,64
p2p-Gnutella25,1,4,Dynamic Percolation Update,22687,54705,12558537,18389204,5570,75
p2p-Gnutella25,10,4,Dynamic Percolation Update,22687,54705,12576345,19045791,5390,143
p2p-Gnutella25,40,4,Dynamic Percolation Update,22687,54705,12430294,18573040,4520,132
p2p-Gnutella25,100,4,Dynamic Percolation Update,22687,54705,12593304,18419085,5252,67
p2p-Gnutella25,1000,4,Dynamic Percolation Update,22687,54705,12532572,17861352,4470,138
p2p-Gnutella25,5000,4,Dynamic Percolation Update,22687,54705,12497403,18435630,6964,143
p2p-Gnutella25,10000,4,Dynamic Percolation Update,22687,54705,12418849,18213494,5101,68
p2p-Gnutella25,1,2,Dynamic Percolation Update,22687,54705,12491494,33295553,4461,65
p2p-Gnutella25,10,2,Dynamic Percolation Update,22687,54705,12573051,33066137,6291,64
p2p-Gnutella25,40,2,Dynamic Percolation Update,22687,54705,12442338,32953955,4584,65
p2p-Gnutella25,100,2,Dynamic Percolation Update,22687,54705,12567647,33168884,6310,65
p2p-Gnutella25,1000,2,Dynamic Percolation Update,22687,54705,12435493,32419791,6218,62
p2p-Gnutella25,5000,2,Dynamic Percolation Update,22687,54705,12626922,32517181,4444,61
p2p-Gnutella25,10000,2,Dynamic Percolation Update,22687,54705,12395762,31686524,5462,66
p2p-Gnutella25,1,1,Dynamic Percolation Update,22687,54705,12527881,45480890,4701,57
p2p-Gnutella25,10,1,Dynamic Percolation Update,22687,54705,12442859,45327054,7590,53
p2p-Gnutella25,40,1,Dynamic Percolation Update,22687,54705,12453356,45077433,6542,54
p2p-Gnutella25,100,1,Dynamic Percolation Update,22687,54705,12494231,45432149,4639,52
p2p-Gnutella25,1000,1,Dynamic Percolation Update,22687,54705,12436134,44620606,6832,52
p2p-Gnutella25,5000,1,Dynamic Percolation Update,22687,54705,12470101,43832971,6651,54
p2p-Gnutella25,10000,1,Dynamic Percolation Update,22687,54705,12504357,43878488,5012,55
